C:\USERS\ZHENGYIMING\DOCUMENTS\VISUAL STUDIO 2012\PROJECTS\DEMO\DEBUG\DEMO.PCH
C:\USERS\ZHENGYIMING\DOCUMENTS\VISUAL STUDIO 2012\PROJECTS\DEMO\DEBUG\DXUT.OBJ
C:\USERS\ZHENGYIMING\DOCUMENTS\VISUAL STUDIO 2012\PROJECTS\DEMO\DEBUG\VC110.PDB
C:\USERS\ZHENGYIMING\DOCUMENTS\VISUAL STUDIO 2012\PROJECTS\DEMO\DEBUG\SDKMISC.OBJ
C:\USERS\ZHENGYIMING\DOCUMENTS\VISUAL STUDIO 2012\PROJECTS\DEMO\DEBUG\SDKMESH.OBJ
C:\USERS\ZHENGYIMING\DOCUMENTS\VISUAL STUDIO 2012\PROJECTS\DEMO\DEBUG\DXUTSETTINGSDLG.OBJ
C:\USERS\ZHENGYIMING\DOCUMENTS\VISUAL STUDIO 2012\PROJECTS\DEMO\DEBUG\DXUTRES.OBJ
C:\USERS\ZHENGYIMING\DOCUMENTS\VISUAL STUDIO 2012\PROJECTS\DEMO\DEBUG\DXUTGUI.OBJ
C:\USERS\ZHENGYIMING\DOCUMENTS\VISUAL STUDIO 2012\PROJECTS\DEMO\DEBUG\DXUTCAMERA.OBJ
C:\USERS\ZHENGYIMING\DOCUMENTS\VISUAL STUDIO 2012\PROJECTS\DEMO\DEBUG\DXUTMISC.OBJ
C:\USERS\ZHENGYIMING\DOCUMENTS\VISUAL STUDIO 2012\PROJECTS\DEMO\DEBUG\DXUTDEVICE9.OBJ
C:\USERS\ZHENGYIMING\DOCUMENTS\VISUAL STUDIO 2012\PROJECTS\DEMO\DEBUG\DXUTDEVICE11.OBJ
C:\USERS\ZHENGYIMING\DOCUMENTS\VISUAL STUDIO 2012\PROJECTS\DEMO\DEBUG\RENDERSTATES.OBJ
C:\USERS\ZHENGYIMING\DOCUMENTS\VISUAL STUDIO 2012\PROJECTS\DEMO\DEBUG\DEMO.OBJ
C:\USERS\ZHENGYIMING\DOCUMENTS\VISUAL STUDIO 2012\PROJECTS\DEMO\DEBUG\DEMO.ILK
C:\USERS\ZHENGYIMING\DOCUMENTS\VISUAL STUDIO 2012\PROJECTS\DEMO\DEBUG\DEMO.EXE
C:\USERS\ZHENGYIMING\DOCUMENTS\VISUAL STUDIO 2012\PROJECTS\DEMO\DEBUG\DEMO.PDB
C:\USERS\ZHENGYIMING\DOCUMENTS\VISUAL STUDIO 2012\PROJECTS\DEMO\DEBUG\DEMO.RES
C:\Users\zhengyiming\Documents\Visual Studio 2012\Projects\Demo\Debug\Demo.obj
C:\Users\zhengyiming\Documents\Visual Studio 2012\Projects\Demo\Debug\DXUT.obj
C:\Users\zhengyiming\Documents\Visual Studio 2012\Projects\Demo\Debug\DXUTcamera.obj
C:\Users\zhengyiming\Documents\Visual Studio 2012\Projects\Demo\Debug\DXUTDevice11.obj
C:\Users\zhengyiming\Documents\Visual Studio 2012\Projects\Demo\Debug\DXUTDevice9.obj
C:\Users\zhengyiming\Documents\Visual Studio 2012\Projects\Demo\Debug\DXUTgui.obj
C:\Users\zhengyiming\Documents\Visual Studio 2012\Projects\Demo\Debug\DXUTmisc.obj
C:\Users\zhengyiming\Documents\Visual Studio 2012\Projects\Demo\Debug\DXUTres.obj
C:\Users\zhengyiming\Documents\Visual Studio 2012\Projects\Demo\Debug\DXUTsettingsdlg.obj
C:\Users\zhengyiming\Documents\Visual Studio 2012\Projects\Demo\Debug\RenderStates.obj
C:\Users\zhengyiming\Documents\Visual Studio 2012\Projects\Demo\Debug\SDKmesh.obj
C:\Users\zhengyiming\Documents\Visual Studio 2012\Projects\Demo\Debug\SDKmisc.obj
C:\Users\zhengyiming\Documents\Visual Studio 2012\Projects\Demo\Debug\Demo.ilk
C:\Users\zhengyiming\Documents\Visual Studio 2012\Projects\Demo\Debug\cl.command.1.tlog
C:\Users\zhengyiming\Documents\Visual Studio 2012\Projects\Demo\Debug\CL.read.1.tlog
C:\Users\zhengyiming\Documents\Visual Studio 2012\Projects\Demo\Debug\CL.write.1.tlog
C:\Users\zhengyiming\Documents\Visual Studio 2012\Projects\Demo\Debug\FXC.command.1.tlog
C:\Users\zhengyiming\Documents\Visual Studio 2012\Projects\Demo\Debug\fxc.read.1.tlog
C:\Users\zhengyiming\Documents\Visual Studio 2012\Projects\Demo\Debug\FXC.write.1.tlog
C:\Users\zhengyiming\Documents\Visual Studio 2012\Projects\Demo\Debug\link-cvtres.read.1.tlog
C:\Users\zhengyiming\Documents\Visual Studio 2012\Projects\Demo\Debug\link-cvtres.write.1.tlog
C:\Users\zhengyiming\Documents\Visual Studio 2012\Projects\Demo\Debug\link-mt.read.1.tlog
C:\Users\zhengyiming\Documents\Visual Studio 2012\Projects\Demo\Debug\link-mt.write.1.tlog
C:\Users\zhengyiming\Documents\Visual Studio 2012\Projects\Demo\Debug\link-rc.read.1.tlog
C:\Users\zhengyiming\Documents\Visual Studio 2012\Projects\Demo\Debug\link-rc.write.1.tlog
C:\Users\zhengyiming\Documents\Visual Studio 2012\Projects\Demo\Debug\link.command.1.tlog
C:\Users\zhengyiming\Documents\Visual Studio 2012\Projects\Demo\Debug\link.read.1.tlog
C:\Users\zhengyiming\Documents\Visual Studio 2012\Projects\Demo\Debug\link.write.1.tlog
C:\Users\zhengyiming\Documents\Visual Studio 2012\Projects\Demo\Debug\rc.command.1.tlog
C:\Users\zhengyiming\Documents\Visual Studio 2012\Projects\Demo\Debug\rc.read.1.tlog
C:\Users\zhengyiming\Documents\Visual Studio 2012\Projects\Demo\Debug\rc.write.1.tlog
C:\Users\zhengyiming\Documents\Visual Studio 2012\Projects\Demo\Debug\Demo.res
C:\Users\zhengyiming\Documents\Visual Studio 2012\Projects\Demo\Debug\Demo.pch
C:\Users\zhengyiming\Documents\Visual Studio 2012\Projects\Demo\Debug\vc110.idb
C:\Users\zhengyiming\Documents\Visual Studio 2012\Projects\Demo\Debug\Demo.pdb
C:\Users\zhengyiming\Documents\Visual Studio 2012\Projects\Demo\Debug\vc110.pdb
C:\Users\zhengyiming\Documents\Visual Studio 2012\Projects\Demo\Debug\Demo.exe
